#
# There is insufficient memory for the Java Runtime Environment to continue.
# Native memory allocation (mmap) failed to map 8589934592 bytes for Failed to commit area from 0x0000000600000000 to 0x0000000800000000 of length 8589934592.
# Possible reasons:
#   The system is out of physical RAM or swap space
#   The process is running with CompressedOops enabled, and the Java Heap may be blocking the growth of the native heap
# Possible solutions:
#   Reduce memory load on the system
#   Increase physical memory or swap space
#   Check if swap backing store is full
#   Decrease Java heap size (-Xmx/-Xms)
#   Decrease number of Java threads
#   Decrease Java thread stack sizes (-Xss)
#   Set larger code cache with -XX:ReservedCodeCacheSize=
#   JVM is running with Zero Based Compressed Oops mode in which the Java heap is
#     placed in the first 32GB address space. The Java Heap base address is the
#     maximum limit for the native heap growth. Please use -XX:HeapBaseMinAddress
#     to set the Java Heap base and to place the Java Heap above 32GB virtual address.
# This output file may be truncated or incomplete.
#
#  Out of Memory Error (./open/src/hotspot/os/windows/os_windows.cpp:3315), pid=18712, tid=65900
#
# JRE version:  (14.0.1+7) (build )
# Java VM: Java HotSpot(TM) 64-Bit Server VM (14.0.1+7, mixed mode, sharing, tiered, compressed oops, g1 gc, windows-amd64)
# No core dump will be written. Minidumps are not enabled by default on client versions of Windows
#

---------------  S U M M A R Y ------------

Command Line: -Xmx8g -Xms8g -Dclassworlds.conf=D:\Downloads\apache-maven-3.9.6-bin\apache-maven-3.9.6\bin\m2.conf -Dmaven.home=D:\Downloads\apache-maven-3.9.6-bin\apache-maven-3.9.6 -Dlibrary.jansi.path=D:\Downloads\apache-maven-3.9.6-bin\apache-maven-3.9.6\lib\jansi-native -Dmaven.multiModuleProjectDirectory=D:\studies\thesis\Generating-Behavioral-Programs-Using-Large-Language-Models org.codehaus.plexus.classworlds.launcher.Launcher package -Puber-jar -f src/main_client_server_java/pom.xml

Host: Intel(R) Core(TM) i7-8700 CPU @ 3.20GHz, 12 cores, 15G,  Windows 10 , 64 bit Build 19041 (10.0.19041.4597)
Time: Mon Aug  5 16:56:04 2024 Jerusalem Daylight Time elapsed time: 0 seconds (0d 0h 0m 0s)

---------------  T H R E A D  ---------------

Current thread (0x0000029ca123a800):  JavaThread "Unknown thread" [_thread_in_vm, id=65900, stack(0x000000c63de00000,0x000000c63df00000)]

Stack: [0x000000c63de00000,0x000000c63df00000]
Native frames: (J=compiled Java code, j=interpreted, Vv=VM code, C=native code)
V  [jvm.dll+0x5f840a]
V  [jvm.dll+0x741e4a]
V  [jvm.dll+0x7435ff]
V  [jvm.dll+0x743c43]
V  [jvm.dll+0x20d288]
V  [jvm.dll+0x5f57ba]
V  [jvm.dll+0x5ea615]
V  [jvm.dll+0x2c7e9c]
V  [jvm.dll+0x2c7cd2]
V  [jvm.dll+0x2cdbbc]
V  [jvm.dll+0x313ff8]
V  [jvm.dll+0x313720]
V  [jvm.dll+0x2a092a]
V  [jvm.dll+0x2a1a79]
V  [jvm.dll+0x71f718]
V  [jvm.dll+0x321c44]
V  [jvm.dll+0x700b0c]
V  [jvm.dll+0x392dff]
V  [jvm.dll+0x394e71]
C  [jli.dll+0x523b]
C  [ucrtbase.dll+0x21bb2]
C  [KERNEL32.DLL+0x17374]
C  [ntdll.dll+0x4cc91]


---------------  P R O C E S S  ---------------

Threads class SMR info:
_java_thread_list=0x00007fff8df63078, length=0, elements={
}

Java Threads: ( => current thread )

Other Threads:
  0x0000029ca12b0800 GCTaskThread "GC Thread#0" [stack: 0x000000c63df00000,0x000000c63e000000] [id=54132]
  0x0000029ca12c2000 ConcurrentGCThread "G1 Main Marker" [stack: 0x000000c63e000000,0x000000c63e100000] [id=58848]
  0x0000029ca12c3000 ConcurrentGCThread "G1 Conc#0" [stack: 0x000000c63e100000,0x000000c63e200000] [id=44488]

[error occurred during error reporting (printing all threads), id 0xc0000005, EXCEPTION_ACCESS_VIOLATION (0xc0000005) at pc=0x00007fff8d791257]

VM state:not at safepoint (not fully initialized)

VM Mutex/Monitor currently owned by a thread:  ([mutex/lock_event])
[0x0000029ca12366d0] Heap_lock - owner thread: 0x0000029ca123a800

Heap address: 0x0000000600000000, size: 8192 MB, Compressed Oops mode: Zero based, Oop shift amount: 3
Narrow klass base: 0x0000000000000000, Narrow klass shift: 0

GC Heap History (0 events):
No events

Deoptimization events (0 events):
No events

Classes unloaded (0 events):
No events

Classes redefined (0 events):
No events

Internal exceptions (0 events):
No events

Events (2 events):
Event: 0.009 Loaded shared library C:\Program Files\Java\jdk-14.0.1\bin\java.dll
Event: 0.009 Loaded shared library C:\Program Files\Java\jdk-14.0.1\bin\zip.dll


Dynamic libraries:
0x00007ff66ffe0000 - 0x00007ff66ffef000 	C:\Program Files\Java\jdk-14.0.1\bin\java.exe
0x00007ff826670000 - 0x00007ff826868000 	C:\WINDOWS\SYSTEM32\ntdll.dll
0x00007ff825490000 - 0x00007ff825551000 	C:\WINDOWS\System32\KERNEL32.DLL
0x00007ff823f20000 - 0x00007ff824216000 	C:\WINDOWS\System32\KERNELBASE.dll
0x00007ff824480000 - 0x00007ff824580000 	C:\WINDOWS\System32\ucrtbase.dll
0x00007ff81e8c0000 - 0x00007ff81e8d5000 	C:\Program Files\Java\jdk-14.0.1\bin\VCRUNTIME140.dll
0x00007ff81e890000 - 0x00007ff81e8a8000 	C:\Program Files\Java\jdk-14.0.1\bin\jli.dll
0x00007ff824880000 - 0x00007ff824930000 	C:\WINDOWS\System32\ADVAPI32.dll
0x00007ff824f20000 - 0x00007ff824fbe000 	C:\WINDOWS\System32\msvcrt.dll
0x00007ff824700000 - 0x00007ff8247a0000 	C:\WINDOWS\System32\sechost.dll
0x00007ff824ae0000 - 0x00007ff824c03000 	C:\WINDOWS\System32\RPCRT4.dll
0x00007ff824380000 - 0x00007ff8243a7000 	C:\WINDOWS\System32\bcrypt.dll
0x00007ff824940000 - 0x00007ff824adf000 	C:\WINDOWS\System32\USER32.dll
0x00007ff824450000 - 0x00007ff824472000 	C:\WINDOWS\System32\win32u.dll
0x00007ff80d300000 - 0x00007ff80d59a000 	C:\WINDOWS\WinSxS\amd64_microsoft.windows.common-controls_6595b64144ccf1df_6.0.19041.4355_none_60b8b9eb71f62e16\COMCTL32.dll
0x00007ff824dc0000 - 0x00007ff824deb000 	C:\WINDOWS\System32\GDI32.dll
0x00007ff823d70000 - 0x00007ff823e87000 	C:\WINDOWS\System32\gdi32full.dll
0x00007ff8243b0000 - 0x00007ff82444d000 	C:\WINDOWS\System32\msvcp_win.dll
0x00007ff81afd0000 - 0x00007ff81afda000 	C:\WINDOWS\SYSTEM32\VERSION.dll
0x00007ff825460000 - 0x00007ff82548f000 	C:\WINDOWS\System32\IMM32.DLL
0x00007fffd8750000 - 0x00007fffd87eb000 	C:\Program Files\Java\jdk-14.0.1\bin\msvcp140.dll
0x00007fff8d4e0000 - 0x00007fff8dffe000 	C:\Program Files\Java\jdk-14.0.1\bin\server\jvm.dll
0x00007ff825020000 - 0x00007ff825028000 	C:\WINDOWS\System32\PSAPI.DLL
0x00007ff809280000 - 0x00007ff809289000 	C:\WINDOWS\SYSTEM32\WSOCK32.dll
0x00007ff80e210000 - 0x00007ff80e237000 	C:\WINDOWS\SYSTEM32\WINMM.dll
0x00007ff825030000 - 0x00007ff82509b000 	C:\WINDOWS\System32\WS2_32.dll
0x00007ff821bc0000 - 0x00007ff821bd2000 	C:\WINDOWS\SYSTEM32\kernel.appcore.dll
0x00007ff81eb90000 - 0x00007ff81eb9a000 	C:\Program Files\Java\jdk-14.0.1\bin\jimage.dll
0x00007ff80d8d0000 - 0x00007ff80dab4000 	C:\WINDOWS\SYSTEM32\DBGHELP.DLL
0x00007ff804740000 - 0x00007ff804774000 	C:\WINDOWS\SYSTEM32\dbgcore.DLL
0x00007ff823e90000 - 0x00007ff823f12000 	C:\WINDOWS\System32\bcryptPrimitives.dll
0x00007fffe8460000 - 0x00007fffe8485000 	C:\Program Files\Java\jdk-14.0.1\bin\java.dll
0x00007ff819df0000 - 0x00007ff819e06000 	C:\Program Files\Java\jdk-14.0.1\bin\zip.dll

dbghelp: loaded successfully - version: 4.0.5 - missing functions: none
symbol engine: initialized successfully - sym options: 0x614 - pdb path: .;C:\Program Files\Java\jdk-14.0.1\bin;C:\WINDOWS\SYSTEM32;C:\WINDOWS\WinSxS\amd64_microsoft.windows.common-controls_6595b64144ccf1df_6.0.19041.4355_none_60b8b9eb71f62e16;C:\Program Files\Java\jdk-14.0.1\bin\server

VM Arguments:
jvm_args: -Xmx8g -Xms8g -Dclassworlds.conf=D:\Downloads\apache-maven-3.9.6-bin\apache-maven-3.9.6\bin\m2.conf -Dmaven.home=D:\Downloads\apache-maven-3.9.6-bin\apache-maven-3.9.6 -Dlibrary.jansi.path=D:\Downloads\apache-maven-3.9.6-bin\apache-maven-3.9.6\lib\jansi-native -Dmaven.multiModuleProjectDirectory=D:\studies\thesis\Generating-Behavioral-Programs-Using-Large-Language-Models 
java_command: org.codehaus.plexus.classworlds.launcher.Launcher package -Puber-jar -f src/main_client_server_java/pom.xml
java_class_path (initial): D:\Downloads\apache-maven-3.9.6-bin\apache-maven-3.9.6\boot\plexus-classworlds-2.7.0.jar
Launcher Type: SUN_STANDARD

[Global flags]
     intx CICompilerCount                          = 4                                         {product} {ergonomic}
     uint ConcGCThreads                            = 3                                         {product} {ergonomic}
     uint G1ConcRefinementThreads                  = 10                                        {product} {ergonomic}
   size_t G1HeapRegionSize                         = 4194304                                   {product} {ergonomic}
    uintx GCDrainStackTargetSize                   = 64                                        {product} {ergonomic}
   size_t InitialHeapSize                          = 8589934592                                {product} {command line}
   size_t MarkStackSize                            = 4194304                                   {product} {ergonomic}
   size_t MaxHeapSize                              = 8589934592                                {product} {command line}
   size_t MinHeapDeltaBytes                        = 4194304                                   {product} {ergonomic}
   size_t MinHeapSize                              = 8589934592                                {product} {command line}
    uintx NonNMethodCodeHeapSize                   = 5839372                                {pd product} {ergonomic}
    uintx NonProfiledCodeHeapSize                  = 122909434                              {pd product} {ergonomic}
    uintx ProfiledCodeHeapSize                     = 122909434                              {pd product} {ergonomic}
    uintx ReservedCodeCacheSize                    = 251658240                              {pd product} {ergonomic}
     bool SegmentedCodeCache                       = true                                      {product} {ergonomic}
   size_t SoftMaxHeapSize                          = 8589934592                             {manageable} {ergonomic}
     bool UseCompressedClassPointers               = true                                 {lp64_product} {ergonomic}
     bool UseCompressedOops                        = true                                 {lp64_product} {ergonomic}
     bool UseG1GC                                  = true                                      {product} {ergonomic}
     bool UseLargePagesIndividualAllocation        = false                                  {pd product} {ergonomic}

Logging:
Log output configuration:
 #0: stdout all=warning uptime,level,tags
 #1: stderr all=off uptime,level,tags

Environment Variables:
JAVA_HOME=C:\Program Files\Java\jdk-14.0.1
PATH=C:\Program Files\Common Files\Oracle\Java\javapath;C:\Program Files\NVIDIA GPU Computing Toolkit\CUDA\v11.2\bin;C:\Program Files\NVIDIA GPU Computing Toolkit\CUDA\v11.2\libnvvp;C:\Program Files\Java\jdk-14.0.1\bin;C:\Program Files (x86)\Common Files\Oracle\Java\javapath;C:\Program Files (x86)\Intel\Intel(R) Management Engine Components\iCLS\;C:\Program Files\Intel\Intel(R) Management Engine Components\iCLS\;C:\Windows\system32;C:\Windows;C:\Windows\System32\Wbem;C:\Windows\System32\WindowsPowerShell\v1.0\;C:\Program Files (x86)\Intel\Intel(R) Management Engine Components\DAL;C:\Program Files\Intel\Intel(R) Management Engine Components\DAL;C:\Program Files (x86)\Intel\Intel(R) Management Engine Components\IPT;C:\Program Files\Intel\Intel(R) Management Engine Components\IPT;C:\Program Files (x86)\Windows Kits\8.1\Windows Performance Toolkit\;C:\Program Files\dotnet\;C:\Program Files (x86)\Microsoft SQL Server\100\Tools\Binn\;C:\Program Files\Microsoft SQL Server\100\Tools\Binn\;C:\Program Files\Microsoft SQL Server\100\DTS\Binn\;C:\WINDOWS\system32;C:\WINDOWS;C:\WINDOWS\System32\Wbem;C:\WINDOWS\System32\WindowsPowerShell\v1.0\;C:\WINDOWS\System32\OpenSSH\;C:\Program Files\Microsoft SQL Server\130\Tools\Binn\;C:\Program Files\Microsoft SQL Server\Client SDK\ODBC\170\Tools\Binn\;C:\Program Files\PuTTY\;C:\Program Files\NVIDIA Corporation\NVIDIA NvDLISR;C:\Program Files\NVIDIA Corporation\Nsight Compute 2020.3.0\;C:\Program Files (x86)\NVIDIA Corporation\PhysX\Common;C:\Program Files\nodejs\;C:\Program Files\Git\mingw64\bin;C:\Users\ziskind\.console-ninja\.bin;C:\Users\ziskind\AppData\Local\Programs\Python\Python38-32\Scripts\;C:\Users\ziskind\AppData\Local\Programs\Python\Python38-32\;C:\Users\ziskind\AppData\Local\Programs\Python\Python310\Scripts\;C:\Users\ziskind\AppData\Local\Programs\Python\Python310\;C:\Users\ziskind\AppData\Local\Microsoft\WindowsApps;C:\Users\ziskind\AppData\Local\GitHubDesktop\bin;C:\Users\ziskind\.dotnet\tools;C:\Users\ziskind\AppData\Local\
USERNAME=ziskind
OS=Windows_NT
PROCESSOR_IDENTIFIER=Intel64 Family 6 Model 158 Stepping 10, GenuineIntel



---------------  S Y S T E M  ---------------

OS: Windows 10 , 64 bit Build 19041 (10.0.19041.4597)
OS uptime: 7 days 22:22 hours

CPU:total 12 (initial active 12) (6 cores per cpu, 2 threads per core) family 6 model 158 stepping 10, cmov, cx8, fxsr, mmx, sse, sse2, sse3, ssse3, sse4.1, sse4.2, popcnt, avx, avx2, aes, clmul, erms, rtm, 3dnowpref, lzcnt, ht, tsc, tscinvbit, bmi1, bmi2, adx, fma

Memory: 4k page, system-wide physical 16190M (2165M free)
TotalPageFile size 65342M (AvailPageFile size 1289M)
current process WorkingSet (physical memory assigned to process): 10M, peak: 10M
current process commit charge ("private bytes"): 64M, peak: 8256M

vm_info: Java HotSpot(TM) 64-Bit Server VM (14.0.1+7) for windows-amd64 JRE (14.0.1+7), built on Mar  5 2020 10:30:14 by "mach5one" with MS VC++ 15.9 (VS2017)

END.
